<?xml version="1.0" encoding="utf-8"?><testsuites name="pytest tests"><testsuite name="pytest" errors="0" failures="0" skipped="0" tests="8" time="2.986" timestamp="2026-08-09T05:55:37.232409+00:00" hostname="agent-env-9af7d7eb-ad8d-4a1f-a716-933ca9b8b131"><testcase classname="tests.test_upload_storage" name="test_upload_requires_auth" time="0.146" /><testcase classname="tests.test_upload_storage" name="test_upload_valid_png_returns_path_and_url" time="0.703" /><testcase classname="tests.test_upload_storage" name="test_uploaded_url_serves_webp" time="0.305" /><testcase classname="tests.test_upload_storage" name="test_upload_rejects_non_image" time="0.093" /><testcase classname="tests.test_upload_storage" name="test_upload_rejects_pdf" time="0.138" /><testcase classname="tests.test_upload_storage" name="test_create_book_with_uploaded_image_persists" time="0.195" /><testcase classname="tests.test_upload_storage" name="test_cleanup_book" time="0.095" /><testcase classname="tests.test_upload_storage" name="test_order_screenshot_stored_via_storage" time="1.234" /></testsuite></testsuites>